<?xml version="1.0" encoding="UTF-8"?>
<!-- Generated by org.testng.reporters.JUnitXMLReporter -->
<testsuite hostname="apples-MacBook-Pro.local" ignored="0" name="Default test" tests="4" failures="0" timestamp="2021-09-21T10:47:56 IST" time="0.048" errors="0">
  <testcase name="getDataFromDP1" time="0.007" classname="org.sixAutomation.SDETTraining.TestNG.ReadDataFromDataProvider"/>
  <testcase name="getDataFromDP1" time="0.001" classname="org.sixAutomation.SDETTraining.TestNG.ReadDataFromDataProvider"/>
  <testcase name="getDataFromDP1" time="0.001" classname="org.sixAutomation.SDETTraining.TestNG.ReadDataFromDataProvider"/>
  <testcase name="getDataFromDP1" time="0.001" classname="org.sixAutomation.SDETTraining.TestNG.ReadDataFromDataProvider"/>
</testsuite> <!-- Default test -->
