<?xml version="1.0" encoding="UTF-8"?>
<!-- Generated by org.testng.reporters.JUnitXMLReporter -->
<testsuite hostname="apples-MacBook-Pro.local" ignored="0" name="Default test" tests="3" failures="0" timestamp="17 Aug 2021 05:12:24 GMT" time="0.068" errors="0">
  <testcase name="loginTest" time="0.009" classname="org.sixAutomation.SDETTraining.TestNG.VerifyTestNG"/>
  <testcase name="booking" time="0.002" classname="org.sixAutomation.SDETTraining.TestNG.VerifyTestNG"/>
  <testcase name="transactionTest" time="0.002" classname="org.sixAutomation.SDETTraining.TestNG.VerifyTestNG"/>
</testsuite> <!-- Default test -->
