<?xml version="1.0" encoding="UTF-8"?>
<!-- Generated by org.testng.reporters.JUnitXMLReporter -->
<testsuite hostname="apples-MacBook-Pro.local" ignored="0" name="Test" tests="3" failures="0" timestamp="2021-09-21T10:26:16 IST" time="0.057" errors="0">
  <testcase name="readdata" time="0.011" classname="org.sixAutomation.SDETTraining.TestNG.ReadDataFromXMLTestNG"/>
  <testcase name="readdata1" time="0.001" classname="org.sixAutomation.SDETTraining.TestNG.ReadDataFromXMLTestNG"/>
  <testcase name="readdata2" time="0.001" classname="org.sixAutomation.SDETTraining.TestNG.ReadDataFromXMLTestNG"/>
</testsuite> <!-- Test -->
