<?xml version="1.0" encoding="UTF-8"?>
<testng-results skipped="0" failed="0" ignored="0" total="1" passed="1">
  <reporter-output>
  </reporter-output>
  <suite name="Default suite" duration-ms="56" started-at="2021-09-27T11:22:07 IST" finished-at="2021-09-27T11:22:07 IST">
    <groups>
    </groups>
    <test name="Default test" duration-ms="56" started-at="2021-09-27T11:22:07 IST" finished-at="2021-09-27T11:22:07 IST">
      <class name="org.sixAutomation.SDETTraining.UnderstandingStrings">
        <test-method status="PASS" signature="findDups()[pri:0, instance:org.sixAutomation.SDETTraining.UnderstandingStrings@6b2ea799]" name="findDups" duration-ms="11" started-at="2021-09-27T11:22:07 IST" finished-at="2021-09-27T11:22:07 IST">
          <reporter-output>
          </reporter-output>
        </test-method> <!-- findDups -->
      </class> <!-- org.sixAutomation.SDETTraining.UnderstandingStrings -->
    </test> <!-- Default test -->
  </suite> <!-- Default suite -->
</testng-results>
