<?xml version="1.0" encoding="UTF-8"?>
<testng-results skipped="0" failed="0" ignored="0" total="3" passed="3">
  <reporter-output>
  </reporter-output>
  <suite name="Default suite" duration-ms="68" started-at="2021-08-17T05:12:19Z" finished-at="2021-08-17T05:12:19Z">
    <groups>
    </groups>
    <test name="Default test" duration-ms="68" started-at="2021-08-17T05:12:19Z" finished-at="2021-08-17T05:12:19Z">
      <class name="org.sixAutomation.SDETTraining.TestNG.VerifyTestNG">
        <test-method status="PASS" signature="beforeSuite()[pri:0, instance:org.sixAutomation.SDETTraining.TestNG.VerifyTestNG@42e26948]" name="beforeSuite" is-config="true" duration-ms="9" started-at="2021-08-17T05:12:19Z" finished-at="2021-08-17T05:12:19Z">
          <reporter-output>
          </reporter-output>
        </test-method> <!-- beforeSuite -->
        <test-method status="PASS" signature="beforeTest()[pri:0, instance:org.sixAutomation.SDETTraining.TestNG.VerifyTestNG@42e26948]" name="beforeTest" is-config="true" duration-ms="1" started-at="2021-08-17T05:12:19Z" finished-at="2021-08-17T05:12:19Z">
          <reporter-output>
          </reporter-output>
        </test-method> <!-- beforeTest -->
        <test-method status="PASS" signature="beforeClass()[pri:0, instance:org.sixAutomation.SDETTraining.TestNG.VerifyTestNG@42e26948]" name="beforeClass" is-config="true" duration-ms="1" started-at="2021-08-17T05:12:19Z" finished-at="2021-08-17T05:12:19Z">
          <reporter-output>
          </reporter-output>
        </test-method> <!-- beforeClass -->
        <test-method status="PASS" signature="beforeMethod()[pri:0, instance:org.sixAutomation.SDETTraining.TestNG.VerifyTestNG@42e26948]" name="beforeMethod" is-config="true" duration-ms="2" started-at="2021-08-17T05:12:19Z" finished-at="2021-08-17T05:12:19Z">
          <reporter-output>
          </reporter-output>
        </test-method> <!-- beforeMethod -->
        <test-method status="PASS" signature="loginTest()[pri:0, instance:org.sixAutomation.SDETTraining.TestNG.VerifyTestNG@42e26948]" name="loginTest" duration-ms="9" started-at="2021-08-17T05:12:19Z" finished-at="2021-08-17T05:12:19Z">
          <reporter-output>
          </reporter-output>
        </test-method> <!-- loginTest -->
        <test-method status="PASS" signature="afterMethod()[pri:0, instance:org.sixAutomation.SDETTraining.TestNG.VerifyTestNG@42e26948]" name="afterMethod" is-config="true" duration-ms="0" started-at="2021-08-17T05:12:19Z" finished-at="2021-08-17T05:12:19Z">
          <reporter-output>
          </reporter-output>
        </test-method> <!-- afterMethod -->
        <test-method status="PASS" signature="beforeMethod()[pri:0, instance:org.sixAutomation.SDETTraining.TestNG.VerifyTestNG@42e26948]" name="beforeMethod" is-config="true" duration-ms="1" started-at="2021-08-17T05:12:19Z" finished-at="2021-08-17T05:12:19Z">
          <reporter-output>
          </reporter-output>
        </test-method> <!-- beforeMethod -->
        <test-method status="PASS" signature="booking()[pri:0, instance:org.sixAutomation.SDETTraining.TestNG.VerifyTestNG@42e26948]" name="booking" duration-ms="2" started-at="2021-08-17T05:12:19Z" depends-on-methods="org.sixAutomation.SDETTraining.TestNG.VerifyTestNG.loginTest" finished-at="2021-08-17T05:12:19Z">
          <reporter-output>
          </reporter-output>
        </test-method> <!-- booking -->
        <test-method status="PASS" signature="afterMethod()[pri:0, instance:org.sixAutomation.SDETTraining.TestNG.VerifyTestNG@42e26948]" name="afterMethod" is-config="true" duration-ms="1" started-at="2021-08-17T05:12:19Z" finished-at="2021-08-17T05:12:19Z">
          <reporter-output>
          </reporter-output>
        </test-method> <!-- afterMethod -->
        <test-method status="PASS" signature="beforeMethod()[pri:0, instance:org.sixAutomation.SDETTraining.TestNG.VerifyTestNG@42e26948]" name="beforeMethod" is-config="true" duration-ms="1" started-at="2021-08-17T05:12:19Z" finished-at="2021-08-17T05:12:19Z">
          <reporter-output>
          </reporter-output>
        </test-method> <!-- beforeMethod -->
        <test-method status="PASS" signature="transactionTest()[pri:0, instance:org.sixAutomation.SDETTraining.TestNG.VerifyTestNG@42e26948]" name="transactionTest" duration-ms="2" started-at="2021-08-17T05:12:19Z" depends-on-methods="org.sixAutomation.SDETTraining.TestNG.VerifyTestNG.booking" finished-at="2021-08-17T05:12:19Z">
          <reporter-output>
          </reporter-output>
        </test-method> <!-- transactionTest -->
        <test-method status="PASS" signature="afterMethod()[pri:0, instance:org.sixAutomation.SDETTraining.TestNG.VerifyTestNG@42e26948]" name="afterMethod" is-config="true" duration-ms="1" started-at="2021-08-17T05:12:19Z" finished-at="2021-08-17T05:12:19Z">
          <reporter-output>
          </reporter-output>
        </test-method> <!-- afterMethod -->
        <test-method status="PASS" signature="afterTest()[pri:0, instance:org.sixAutomation.SDETTraining.TestNG.VerifyTestNG@42e26948]" name="afterTest" is-config="true" duration-ms="1" started-at="2021-08-17T05:12:19Z" finished-at="2021-08-17T05:12:19Z">
          <reporter-output>
          </reporter-output>
        </test-method> <!-- afterTest -->
        <test-method status="PASS" signature="afterClass()[pri:0, instance:org.sixAutomation.SDETTraining.TestNG.VerifyTestNG@42e26948]" name="afterClass" is-config="true" duration-ms="0" started-at="2021-08-17T05:12:19Z" finished-at="2021-08-17T05:12:19Z">
          <reporter-output>
          </reporter-output>
        </test-method> <!-- afterClass -->
        <test-method status="PASS" signature="afterSuite()[pri:0, instance:org.sixAutomation.SDETTraining.TestNG.VerifyTestNG@42e26948]" name="afterSuite" is-config="true" duration-ms="1" started-at="2021-08-17T05:12:24Z" finished-at="2021-08-17T05:12:24Z">
          <reporter-output>
          </reporter-output>
        </test-method> <!-- afterSuite -->
      </class> <!-- org.sixAutomation.SDETTraining.TestNG.VerifyTestNG -->
    </test> <!-- Default test -->
  </suite> <!-- Default suite -->
</testng-results>
